{"error":{"_message":"User validation failed","errors":{"empName":{"kind":"required","message":"Enter Employee's name !!","name":"ValidatorError","path":"empName","properties":{"message":"Enter Employee's name !!","path":"empName","type":"required"}}},"message":"User validation failed: empName: Enter Employee's name !!","name":"ValidationError","status":"error","statusCode":500},"level":"error","message":"ERROR: User validation failed: empName: Enter Employee's name !!","timestamp":"2023-03-22 09:56:14.707 AM"}
{"error":{"_message":"User validation failed","errors":{"empName":{"kind":"required","message":"Enter Employee's name !!","name":"ValidatorError","path":"empName","properties":{"message":"Enter Employee's name !!","path":"empName","type":"required"}}},"message":"User validation failed: empName: Enter Employee's name !!","name":"ValidationError","status":"error","statusCode":500},"level":"error","message":"ERROR: User validation failed: empName: Enter Employee's name !!","timestamp":"2023-03-22 09:59:20.174 AM"}
{"error":{"_message":"User validation failed","errors":{"empName":{"kind":"required","message":"Enter Employee's name !!","name":"ValidatorError","path":"empName","properties":{"message":"Enter Employee's name !!","path":"empName","type":"required"}}},"message":"User validation failed: empName: Enter Employee's name !!","name":"ValidationError","status":"error","statusCode":500},"level":"error","message":"ERROR: User validation failed: empName: Enter Employee's name !!","timestamp":"2023-03-22 10:00:53.905 AM"}
{"error":{"_message":"User validation failed","errors":{"empName":{"kind":"required","message":"Enter Employee's name !!","name":"ValidatorError","path":"empName","properties":{"message":"Enter Employee's name !!","path":"empName","type":"required"}}},"message":"User validation failed: empName: Enter Employee's name !!","name":"ValidationError","status":"error","statusCode":500},"level":"error","message":"ERROR: User validation failed: empName: Enter Employee's name !!","timestamp":"2023-03-22 10:01:00.264 AM"}
{"error":{"_message":"User validation failed","errors":{"empName":{"kind":"required","message":"Enter Employee's name !!","name":"ValidatorError","path":"empName","properties":{"message":"Enter Employee's name !!","path":"empName","type":"required"}}},"message":"User validation failed: empName: Enter Employee's name !!","name":"ValidationError","status":"error","statusCode":500},"level":"error","message":"ERROR: User validation failed: empName: Enter Employee's name !!","timestamp":"2023-03-22 10:01:34.535 AM"}
{"error":{"_message":"User validation failed","errors":{"empName":{"kind":"required","message":"Enter Employee's name !!","name":"ValidatorError","path":"empName","properties":{"message":"Enter Employee's name !!","path":"empName","type":"required"}}},"message":"User validation failed: empName: Enter Employee's name !!","name":"ValidationError","status":"error","statusCode":500},"level":"error","message":"ERROR: User validation failed: empName: Enter Employee's name !!","timestamp":"2023-03-22 10:01:39.752 AM"}
{"error":{"isOperational":true,"status":"fail","statusCode":404},"level":"error","message":"ERROR: Can't find /api/v1/users/firstResetPassword/752b2acf7481d748fb2217581e552db34e575a098b4222cca392b8b5b5c41e4d on this server!","timestamp":"2023-03-22 10:10:16.277 AM"}
{"error":{"isOperational":true,"status":"fail","statusCode":404},"level":"error","message":"ERROR: Can't find /favicon.ico on this server!","timestamp":"2023-03-22 10:10:17.164 AM"}
{"error":{"isOperational":true,"status":"fail","statusCode":400},"level":"error","message":"ERROR: Token is invalid","timestamp":"2023-03-22 10:21:20.191 AM"}
{"error":{"isOperational":true,"status":"fail","statusCode":404},"level":"error","message":"ERROR: Can't find /api/v1/users/firstResetPassword/ed6e684db300af48191e87592a4964810a061bc6d6a7c5629a65ced9ce221af5 on this server!","timestamp":"2023-03-22 10:22:32.278 AM"}
{"error":{"isOperational":true,"status":"fail","statusCode":400},"level":"error","message":"ERROR: Token is invalid","timestamp":"2023-03-22 10:23:06.343 AM"}
{"error":{"isOperational":true,"status":"fail","statusCode":400},"level":"error","message":"ERROR: Token is invalid","timestamp":"2023-03-22 10:24:13.669 AM"}
{"error":{"isOperational":true,"status":"fail","statusCode":400},"level":"error","message":"ERROR: Token is invalid","timestamp":"2023-03-22 10:29:25.272 AM"}
{"error":{"isOperational":true,"status":"fail","statusCode":400},"level":"error","message":"ERROR: Token is invalid","timestamp":"2023-03-22 10:29:36.195 AM"}
{"error":{"isOperational":true,"status":"fail","statusCode":400},"level":"error","message":"ERROR: Token is invalid","timestamp":"2023-03-22 10:29:55.303 AM"}
{"error":{"isOperational":true,"status":"fail","statusCode":400},"level":"error","message":"ERROR: Token is invalid or has expired","timestamp":"2023-03-22 10:30:11.544 AM"}
{"error":{"isOperational":true,"status":"fail","statusCode":400},"level":"error","message":"ERROR: Token is invalid","timestamp":"2023-03-22 10:30:51.287 AM"}
{"error":{"status":"error","statusCode":500},"level":"error","message":"ERROR: Cannot set properties of null (setting 'password')","timestamp":"2023-03-22 10:32:45.799 AM"}
{"error":{"isOperational":true,"status":"fail","statusCode":404},"level":"error","message":"ERROR: Can't find /api/v1/users/firstResetPassword/93b8174f78b14f15994371ff5b8ff6265d5c47a4c40a1cf50dda1e1956691cf6 on this server!","timestamp":"2023-03-22 11:34:27.139 AM"}
{"error":{"status":"error","statusCode":500},"level":"error","message":"ERROR: Cannot set properties of null (setting 'password')","timestamp":"2023-03-22 11:34:49.521 AM"}
{"error":{"isOperational":true,"status":"fail","statusCode":404},"level":"error","message":"ERROR: Can't find /api/v1/users/firstResetPassword/736fc5dca74be761c67fc93878daa3abb48ca2d52b5582ab65908a9bcd9e69c1 on this server!","timestamp":"2023-03-22 11:41:34.006 AM"}
{"error":{"status":"error","statusCode":500},"level":"error","message":"ERROR: Cannot set properties of null (setting 'password')","timestamp":"2023-03-22 11:42:01.132 AM"}
{"error":{"isOperational":true,"status":"fail","statusCode":404},"level":"error","message":"ERROR: Can't find /api/v1/users/firstResetPassword/9d298c61a15575ac8c7188c92aba515cc58df6c783f0afcf3343712787f8e54f on this server!","timestamp":"2023-03-22 11:43:28.688 AM"}
{"error":{"status":"error","statusCode":500},"level":"error","message":"ERROR: Cannot set properties of null (setting 'password')","timestamp":"2023-03-22 11:43:50.543 AM"}
{"error":{"status":"error","statusCode":500},"level":"error","message":"ERROR: Cannot set properties of null (setting 'password')","timestamp":"2023-03-22 11:47:13.903 AM"}
